<?xml version="1.0" encoding="UTF-8"?>
<testng-results ignored="0" total="1" passed="1" failed="0" skipped="0">
  <reporter-output>
  </reporter-output>
  <suite started-at="2024-04-25T14:42:05 IST" name="Default suite" finished-at="2024-04-25T14:42:18 IST" duration-ms="12206">
    <groups>
    </groups>
    <test started-at="2024-04-25T14:42:05 IST" name="Default test" finished-at="2024-04-25T14:42:18 IST" duration-ms="12206">
      <class name="extentReports.createreport2">
        <test-method is-config="true" signature="config()[pri:0, instance:extentReports.createreport2@25641d39]" started-at="2024-04-25T14:42:05 IST" name="config" finished-at="2024-04-25T14:42:06 IST" duration-ms="287" status="PASS">
          <reporter-output>
          </reporter-output>
        </test-method> <!-- config -->
        <test-method signature="login()[pri:0, instance:extentReports.createreport2@25641d39]" started-at="2024-04-25T14:42:06 IST" name="login" finished-at="2024-04-25T14:42:18 IST" duration-ms="11869" status="PASS">
          <reporter-output>
          </reporter-output>
        </test-method> <!-- login -->
      </class> <!-- extentReports.createreport2 -->
    </test> <!-- Default test -->
  </suite> <!-- Default suite -->
</testng-results>
