<?xml version="1.0" encoding="UTF-8"?>
<testng-results ignored="0" total="2" passed="2" failed="0" skipped="0">
  <reporter-output>
  </reporter-output>
  <suite started-at="2024-04-01T17:33:47 IST" name="Default suite" finished-at="2024-04-01T17:33:54 IST" duration-ms="6918">
    <groups>
    </groups>
    <test started-at="2024-04-01T17:33:47 IST" name="Default test" finished-at="2024-04-01T17:33:54 IST" duration-ms="6918">
      <class name="config.AppUtil">
        <test-method is-config="true" signature="setup()[pri:0, instance:config.AppUtil@576d5deb]" started-at="2024-04-01T17:33:47 IST" name="setup" finished-at="2024-04-01T17:33:51 IST" duration-ms="4464" status="PASS">
          <reporter-output>
          </reporter-output>
        </test-method> <!-- setup -->
        <test-method signature="clickonlogin()[pri:0, instance:config.AppUtil@576d5deb]" started-at="2024-04-01T17:33:51 IST" name="clickonlogin" finished-at="2024-04-01T17:33:54 IST" duration-ms="2272" status="PASS">
          <reporter-output>
          </reporter-output>
        </test-method> <!-- clickonlogin -->
        <test-method signature="clickRegistrationButton()[pri:1, instance:config.AppUtil@576d5deb]" started-at="2024-04-01T17:33:54 IST" name="clickRegistrationButton" finished-at="2024-04-01T17:33:54 IST" duration-ms="123" status="PASS">
          <reporter-output>
          </reporter-output>
        </test-method> <!-- clickRegistrationButton -->
      </class> <!-- config.AppUtil -->
    </test> <!-- Default test -->
  </suite> <!-- Default suite -->
</testng-results>
