<?xml version="1.0" encoding="UTF-8"?>
<!-- Generated by org.testng.reporters.JUnitXMLReporter -->
<testsuite ignored="0" hostname="JKGUPTA" failures="0" tests="6" name="Default test" time="0.742" errors="0" timestamp="2024-09-04T22:46:17 IST">
  <testcase classname="DataProvider.DataProvider_Excel" name="testCaseData" time="0.009"/>
  <testcase classname="DataProvider.DataProvider_Excel" name="testCaseData" time="0.001"/>
  <testcase classname="DataProvider.DataProvider_Excel" name="testCaseData" time="0.002"/>
  <testcase classname="DataProvider.DataProvider_Excel" name="testCaseData" time="0.001"/>
  <testcase classname="DataProvider.DataProvider_Excel" name="testCaseData" time="0.001"/>
  <testcase classname="DataProvider.DataProvider_Excel" name="testCaseData" time="0.002"/>
</testsuite> <!-- Default test -->
