<?xml version="1.0" encoding="UTF-8"?>
<testng-results ignored="0" total="1" passed="1" failed="0" skipped="0">
  <reporter-output>
  </reporter-output>
  <suite started-at="2024-04-03T12:42:59 IST" name="Default suite" finished-at="2024-04-03T12:42:59 IST" duration-ms="60">
    <groups>
    </groups>
    <test started-at="2024-04-03T12:42:59 IST" name="Default test" finished-at="2024-04-03T12:42:59 IST" duration-ms="60">
      <class name="browser_Options.Capture_Weblement_Screenshot">
        <test-method signature="testng()[pri:0, instance:browser_Options.Capture_Weblement_Screenshot@2c1b194a]" started-at="2024-04-03T12:42:59 IST" name="testng" finished-at="2024-04-03T12:42:59 IST" duration-ms="10" status="PASS">
          <reporter-output>
          </reporter-output>
        </test-method> <!-- testng -->
      </class> <!-- browser_Options.Capture_Weblement_Screenshot -->
    </test> <!-- Default test -->
  </suite> <!-- Default suite -->
</testng-results>
