<?xml version="1.0" encoding="UTF-8"?>
<!-- Generated by org.testng.reporters.JUnitXMLReporter -->
<testsuite ignored="0" hostname="JKGUPTA" failures="0" tests="5" name="Default test" time="25.161" errors="0" timestamp="2024-05-31T10:48:22 IST">
  <testcase classname="com.Ecommerce.TestCases.LoginPageTestCases" name="verifyLoginTest" time="2.517"/>
  <testcase classname="com.Ecommerce.TestCases.LoginPageTestCases" name="verifyLoginTest" time="2.47"/>
  <testcase classname="com.Ecommerce.TestCases.LoginPageTestCases" name="verifyLoginTest" time="2.491"/>
  <testcase classname="com.Ecommerce.TestCases.LoginPageTestCases" name="verifyLoginTest" time="2.48"/>
  <testcase classname="com.Ecommerce.TestCases.LoginPageTestCases" name="verifyLoginTest" time="2.47"/>
</testsuite> <!-- Default test -->
