<?xml version="1.0" encoding="UTF-8"?>
<!-- Generated by org.testng.reporters.JUnitXMLReporter -->
<testsuite ignored="6" hostname="JKGUPTA" failures="0" tests="3" name="confing1 Test" time="0.098" errors="0" timestamp="2024-04-04T16:35:40 IST">
  <testcase classname="config1.Day1" name="webhomeloan" time="0.009"/>
  <testcase classname="config1.Day2" name="webcarloan" time="0.002"/>
  <testcase classname="config1.Day3" name="webbusinessloan" time="0.002"/>
  <testcase classname="config1.Day3" name="mobilebusinessloan" time="0.0">
    <ignored/>
  </testcase> <!-- mobilebusinessloan -->
  <testcase classname="config1.Day2" name="mobilecarloan" time="0.0">
    <ignored/>
  </testcase> <!-- mobilecarloan -->
  <testcase classname="config1.Day1" name="apihomeloan" time="0.0">
    <ignored/>
  </testcase> <!-- apihomeloan -->
  <testcase classname="config1.Day3" name="apibusinessloan" time="0.0">
    <ignored/>
  </testcase> <!-- apibusinessloan -->
  <testcase classname="config1.Day1" name="mobilehomeloan" time="0.0">
    <ignored/>
  </testcase> <!-- mobilehomeloan -->
  <testcase classname="config1.Day2" name="apicarloan" time="0.0">
    <ignored/>
  </testcase> <!-- apicarloan -->
</testsuite> <!-- confing1 Test -->
