<?xml version="1.0" encoding="UTF-8"?>
<!-- Generated by org.testng.reporters.JUnitXMLReporter -->
<testsuite ignored="4" hostname="JKGUPTA" failures="0" tests="2" name="config2 Test" time="0.013" errors="0" timestamp="2024-04-04T16:35:40 IST">
  <testcase classname="config2.Day4" name="webbikeloan" time="0.002"/>
  <testcase classname="config2.Day5" name="webgoldloan" time="0.002"/>
  <testcase classname="config2.Day5" name="mobilebikeloan" time="0.0">
    <ignored/>
  </testcase> <!-- mobilebikeloan -->
  <testcase classname="config2.Day5" name="apibikeloan" time="0.0">
    <ignored/>
  </testcase> <!-- apibikeloan -->
  <testcase classname="config2.Day4" name="apibikeloan" time="0.0">
    <ignored/>
  </testcase> <!-- apibikeloan -->
  <testcase classname="config2.Day4" name="mobilebikeloan" time="0.0">
    <ignored/>
  </testcase> <!-- mobilebikeloan -->
</testsuite> <!-- config2 Test -->
