<?xml version="1.0" encoding="UTF-8"?>
<!-- Generated by org.testng.reporters.JUnitXMLReporter -->
<testsuite ignored="0" hostname="JKGUPTA" failures="1" tests="3" name="Personal Loan" time="0.096" errors="0" timestamp="2024-04-05T19:47:16 IST">
  <testcase classname="listeners_Practice.Day1_Code" name="skipped" time="0.013">
    <skipped/>
  </testcase> <!-- skipped -->
  <testcase classname="listeners_Practice.Day1_Code" name="testfailure" time="0.015">
    <failure type="java.lang.AssertionError" message="expected [true] but found [false]">
      <![CDATA[java.lang.AssertionError: expected [true] but found [false]
at listeners_Practice.Day1_Code.testfailure(Day1_Code.java:21)
at java.base/java.util.ArrayList.forEach(ArrayList.java:1511)
... Removed 31 stack frames]]>
    </failure>
  </testcase> <!-- testfailure -->
  <testcase classname="listeners_Practice.Day1_Code" name="testsuccess" time="0.001"/>
</testsuite> <!-- Personal Loan -->
