<?xml version="1.0" encoding="UTF-8"?>
<!-- Generated by org.testng.reporters.JUnitXMLReporter -->
<testsuite ignored="11" hostname="JKGUPTA" failures="0" tests="4" name="Smoke Test" time="0.125" errors="0" timestamp="2024-04-04T16:37:32 IST">
  <testcase classname="config1.Day2" name="webcarloan" time="0.017"/>
  <testcase classname="config1.Day3" name="webbusinessloan" time="0.002"/>
  <testcase classname="config2.Day4" name="webbikeloan" time="0.003"/>
  <testcase classname="config2.Day5" name="webgoldloan" time="0.002"/>
  <testcase classname="config2.Day4" name="apibikeloan" time="0.0">
    <ignored/>
  </testcase> <!-- apibikeloan -->
  <testcase classname="config1.Day3" name="apibusinessloan" time="0.0">
    <ignored/>
  </testcase> <!-- apibusinessloan -->
  <testcase classname="config1.Day1" name="mobilehomeloan" time="0.0">
    <ignored/>
  </testcase> <!-- mobilehomeloan -->
  <testcase classname="config1.Day2" name="apicarloan" time="0.0">
    <ignored/>
  </testcase> <!-- apicarloan -->
  <testcase classname="config1.Day1" name="webhomeloan" time="0.0">
    <ignored/>
  </testcase> <!-- webhomeloan -->
  <testcase classname="config2.Day5" name="apibikeloan" time="0.0">
    <ignored/>
  </testcase> <!-- apibikeloan -->
  <testcase classname="config1.Day3" name="mobilebusinessloan" time="0.0">
    <ignored/>
  </testcase> <!-- mobilebusinessloan -->
  <testcase classname="config2.Day4" name="mobilebikeloan" time="0.0">
    <ignored/>
  </testcase> <!-- mobilebikeloan -->
  <testcase classname="config2.Day5" name="mobilebikeloan" time="0.0">
    <ignored/>
  </testcase> <!-- mobilebikeloan -->
  <testcase classname="config1.Day1" name="apihomeloan" time="0.0">
    <ignored/>
  </testcase> <!-- apihomeloan -->
  <testcase classname="config1.Day2" name="mobilecarloan" time="0.0">
    <ignored/>
  </testcase> <!-- mobilecarloan -->
</testsuite> <!-- Smoke Test -->
