<?xml version="1.0" encoding="UTF-8"?>
<!-- Generated by org.testng.reporters.JUnitXMLReporter -->
<testsuite ignored="0" hostname="JKGUPTA" failures="0" tests="3" name="Test 2" time="0.018" errors="0" timestamp="2024-04-04T23:59:30 IST">
  <testcase classname="parameterization.Parameters2" name="apihomeloan" time="0.002"/>
  <testcase classname="parameterization.Parameters2" name="mobilehomeloan" time="0.002"/>
  <testcase classname="parameterization.Parameters2" name="webhomeloan" time="0.001"/>
</testsuite> <!-- Test 2 -->
