<?xml version="1.0" encoding="UTF-8"?>
<!-- Generated by org.testng.reporters.JUnitXMLReporter -->
<testsuite ignored="0" hostname="JKGUPTA" failures="0" tests="3" name="Test" time="0.106" errors="0" timestamp="2024-04-04T22:04:37 IST">
  <testcase classname="parameterization.Parameters" name="apicarloan" time="0.012"/>
  <testcase classname="parameterization.Parameters" name="mobilecarloan" time="0.002"/>
  <testcase classname="parameterization.Parameters" name="webcarloan" time="0.001"/>
</testsuite> <!-- Test -->
