<?xml version="1.0" encoding="UTF-8"?>
<!-- Generated by org.testng.reporters.JUnitXMLReporter -->
<testsuite ignored="0" hostname="JKGUPTA" failures="0" tests="3" name="Test 1" time="0.139" errors="0" timestamp="2024-04-04T23:59:30 IST">
  <testcase classname="parameterization.Parameters1" name="apicarloan" time="0.016"/>
  <testcase classname="parameterization.Parameters1" name="mobilecarloan" time="0.002"/>
  <testcase classname="parameterization.Parameters1" name="webcarloan" time="0.002"/>
</testsuite> <!-- Test 1 -->
