<?xml version="1.0" encoding="UTF-8"?>
<!-- Generated by org.testng.reporters.JUnitXMLReporter -->
<testsuite ignored="0" hostname="JKGUPTA" failures="0" tests="3" name="Default test" time="24.576" errors="0" timestamp="2024-06-11T17:45:14 IST">
  <testcase classname="standAlone_Test.SubmitOrderTest" name="submitOrder" time="6.358"/>
  <testcase classname="standAlone_Test.SubmitOrderTest" name="submitOrder" time="6.364"/>
  <testcase classname="standAlone_Test.SubmitOrderTest" name="orderHistoryTest" time="2.818"/>
</testsuite> <!-- Default test -->
