<?xml version="1.0" encoding="UTF-8"?>
<!-- Generated by org.testng.reporters.JUnitXMLReporter -->
<testsuite ignored="0" hostname="JKGUPTA" failures="0" tests="3" name="Default test" time="20.591" errors="0" timestamp="2024-07-23T15:51:12 IST">
  <testcase classname="standAlone_Test.SubmitOrderTest" name="submitOrder" time="5.863"/>
  <testcase classname="standAlone_Test.SubmitOrderTest" name="submitOrder" time="5.766"/>
  <testcase classname="standAlone_Test.SubmitOrderTest" name="orderHistoryTest" time="2.602"/>
</testsuite> <!-- Default test -->
