<?xml version="1.0" encoding="UTF-8"?>
<testng-results ignored="0" total="6" passed="6" failed="0" skipped="0">
  <reporter-output>
  </reporter-output>
  <suite started-at="2024-09-04T22:46:16 IST" name="Default suite" finished-at="2024-09-04T22:46:17 IST" duration-ms="742">
    <groups>
    </groups>
    <test started-at="2024-09-04T22:46:16 IST" name="Default test" finished-at="2024-09-04T22:46:17 IST" duration-ms="742">
      <class name="DataProvider.DataProvider_Excel">
        <test-method signature="testCaseData(java.lang.String,java.lang.String,java.lang.String)[pri:0, instance:DataProvider.DataProvider_Excel@17503f6b]" started-at="2024-09-04T22:46:17 IST" name="testCaseData" data-provider="dataProvider" finished-at="2024-09-04T22:46:17 IST" duration-ms="9" status="PASS">
          <params>
            <param index="0">
              <value>
                <![CDATA[UserName1]]>
              </value>
            </param>
            <param index="1">
              <value>
                <![CDATA[Password1]]>
              </value>
            </param>
            <param index="2">
              <value>
                <![CDATA[1]]>
              </value>
            </param>
          </params>
          <reporter-output>
          </reporter-output>
        </test-method> <!-- testCaseData -->
        <test-method signature="testCaseData(java.lang.String,java.lang.String,java.lang.String)[pri:0, instance:DataProvider.DataProvider_Excel@17503f6b]" started-at="2024-09-04T22:46:17 IST" name="testCaseData" data-provider="dataProvider" finished-at="2024-09-04T22:46:17 IST" duration-ms="1" status="PASS">
          <params>
            <param index="0">
              <value>
                <![CDATA[UserName2]]>
              </value>
            </param>
            <param index="1">
              <value>
                <![CDATA[Password2]]>
              </value>
            </param>
            <param index="2">
              <value>
                <![CDATA[2]]>
              </value>
            </param>
          </params>
          <reporter-output>
          </reporter-output>
        </test-method> <!-- testCaseData -->
        <test-method signature="testCaseData(java.lang.String,java.lang.String,java.lang.String)[pri:0, instance:DataProvider.DataProvider_Excel@17503f6b]" started-at="2024-09-04T22:46:17 IST" name="testCaseData" data-provider="dataProvider" finished-at="2024-09-04T22:46:17 IST" duration-ms="2" status="PASS">
          <params>
            <param index="0">
              <value>
                <![CDATA[UserName3]]>
              </value>
            </param>
            <param index="1">
              <value>
                <![CDATA[Password3]]>
              </value>
            </param>
            <param index="2">
              <value>
                <![CDATA[3]]>
              </value>
            </param>
          </params>
          <reporter-output>
          </reporter-output>
        </test-method> <!-- testCaseData -->
        <test-method signature="testCaseData(java.lang.String,java.lang.String,java.lang.String)[pri:0, instance:DataProvider.DataProvider_Excel@17503f6b]" started-at="2024-09-04T22:46:17 IST" name="testCaseData" data-provider="dataProvider" finished-at="2024-09-04T22:46:17 IST" duration-ms="1" status="PASS">
          <params>
            <param index="0">
              <value>
                <![CDATA[UserName4]]>
              </value>
            </param>
            <param index="1">
              <value>
                <![CDATA[Password4]]>
              </value>
            </param>
            <param index="2">
              <value>
                <![CDATA[4]]>
              </value>
            </param>
          </params>
          <reporter-output>
          </reporter-output>
        </test-method> <!-- testCaseData -->
        <test-method signature="testCaseData(java.lang.String,java.lang.String,java.lang.String)[pri:0, instance:DataProvider.DataProvider_Excel@17503f6b]" started-at="2024-09-04T22:46:17 IST" name="testCaseData" data-provider="dataProvider" finished-at="2024-09-04T22:46:17 IST" duration-ms="1" status="PASS">
          <params>
            <param index="0">
              <value>
                <![CDATA[UserName5]]>
              </value>
            </param>
            <param index="1">
              <value>
                <![CDATA[Password5]]>
              </value>
            </param>
            <param index="2">
              <value>
                <![CDATA[5]]>
              </value>
            </param>
          </params>
          <reporter-output>
          </reporter-output>
        </test-method> <!-- testCaseData -->
        <test-method signature="testCaseData(java.lang.String,java.lang.String,java.lang.String)[pri:0, instance:DataProvider.DataProvider_Excel@17503f6b]" started-at="2024-09-04T22:46:17 IST" name="testCaseData" data-provider="dataProvider" finished-at="2024-09-04T22:46:17 IST" duration-ms="2" status="PASS">
          <params>
            <param index="0">
              <value>
                <![CDATA[UserName6]]>
              </value>
            </param>
            <param index="1">
              <value>
                <![CDATA[Password6]]>
              </value>
            </param>
            <param index="2">
              <value>
                <![CDATA[6]]>
              </value>
            </param>
          </params>
          <reporter-output>
          </reporter-output>
        </test-method> <!-- testCaseData -->
      </class> <!-- DataProvider.DataProvider_Excel -->
    </test> <!-- Default test -->
  </suite> <!-- Default suite -->
</testng-results>
