<?xml version="1.0" encoding="UTF-8"?>
<testng-results ignored="0" total="1" passed="1" failed="0" skipped="0">
  <reporter-output>
  </reporter-output>
  <suite started-at="2024-08-09T11:20:57 IST" name="Default suite" finished-at="2024-08-09T11:20:57 IST" duration-ms="85">
    <groups>
    </groups>
    <test started-at="2024-08-09T11:20:57 IST" name="Default test" finished-at="2024-08-09T11:20:57 IST" duration-ms="85">
      <class name="javaScriptExecuter.Handlying_Table">
        <test-method signature="test1()[pri:0, instance:javaScriptExecuter.Handlying_Table@194bcebf]" started-at="2024-08-09T11:20:57 IST" name="test1" finished-at="2024-08-09T11:20:57 IST" duration-ms="16" status="PASS">
          <reporter-output>
          </reporter-output>
        </test-method> <!-- test1 -->
      </class> <!-- javaScriptExecuter.Handlying_Table -->
    </test> <!-- Default test -->
  </suite> <!-- Default suite -->
</testng-results>
